[2011-07-10 17:40:43] request.ERROR: Symfony\Component\HttpKernel\Exception\NotFoundHttpException: No route found for "GET /js/jquery-1.4.2.js" (uncaught exception) at /home/yamamichi/samba/symfony/vendor/symfony/src/Symfony/Bundle/FrameworkBundle/EventListener/RouterListener.php line 88 [] []
[2011-07-10 17:58:17] request.ERROR: Symfony\Component\HttpKernel\Exception\NotFoundHttpException: No route found for "GET /lib/global.css" (uncaught exception) at /home/yamamichi/samba/symfony/vendor/symfony/src/Symfony/Bundle/FrameworkBundle/EventListener/RouterListener.php line 88 [] []
[2011-07-10 17:58:18] request.ERROR: Symfony\Component\HttpKernel\Exception\NotFoundHttpException: No route found for "GET /lib/jquery/jquery-1.6.2.min.js" (uncaught exception) at /home/yamamichi/samba/symfony/vendor/symfony/src/Symfony/Bundle/FrameworkBundle/EventListener/RouterListener.php line 88 [] []
[2011-07-10 17:58:55] request.ERROR: Symfony\Component\HttpKernel\Exception\NotFoundHttpException: No route found for "GET /lib/global.css" (uncaught exception) at /home/yamamichi/samba/symfony/vendor/symfony/src/Symfony/Bundle/FrameworkBundle/EventListener/RouterListener.php line 88 [] []
[2011-07-10 18:13:52] request.ERROR: Symfony\Component\HttpKernel\Exception\NotFoundHttpException: No route found for "GET /lib/global.css" (uncaught exception) at /home/yamamichi/samba/symfony/vendor/symfony/src/Symfony/Bundle/FrameworkBundle/EventListener/RouterListener.php line 88 [] []
[2011-07-10 18:14:14] request.ERROR: Symfony\Component\HttpKernel\Exception\NotFoundHttpException: No route found for "GET /lib/global.css" (uncaught exception) at /home/yamamichi/samba/symfony/vendor/symfony/src/Symfony/Bundle/FrameworkBundle/EventListener/RouterListener.php line 88 [] []
[2011-07-10 18:14:48] request.ERROR: Symfony\Component\HttpKernel\Exception\NotFoundHttpException: No route found for "GET /lib/global.css" (uncaught exception) at /home/yamamichi/samba/symfony/vendor/symfony/src/Symfony/Bundle/FrameworkBundle/EventListener/RouterListener.php line 88 [] []
[2011-07-10 18:16:15] request.ERROR: Symfony\Component\HttpKernel\Exception\NotFoundHttpException: No route found for "GET /lib/global.css" (uncaught exception) at /home/yamamichi/samba/symfony/vendor/symfony/src/Symfony/Bundle/FrameworkBundle/EventListener/RouterListener.php line 88 [] []
[2011-07-10 18:17:54] request.ERROR: Symfony\Component\HttpKernel\Exception\NotFoundHttpException: No route found for "GET /lib/global.css" (uncaught exception) at /home/yamamichi/samba/symfony/vendor/symfony/src/Symfony/Bundle/FrameworkBundle/EventListener/RouterListener.php line 88 [] []
[2011-07-10 18:18:36] request.ERROR: Symfony\Component\HttpKernel\Exception\NotFoundHttpException: No route found for "GET /lib/global.css" (uncaught exception) at /home/yamamichi/samba/symfony/vendor/symfony/src/Symfony/Bundle/FrameworkBundle/EventListener/RouterListener.php line 88 [] []
[2011-07-10 18:19:24] request.ERROR: Symfony\Component\HttpKernel\Exception\NotFoundHttpException: No route found for "GET /lib/global.css" (uncaught exception) at /home/yamamichi/samba/symfony/vendor/symfony/src/Symfony/Bundle/FrameworkBundle/EventListener/RouterListener.php line 88 [] []
[2011-07-10 18:22:21] request.ERROR: Symfony\Component\HttpKernel\Exception\NotFoundHttpException: No route found for "GET /lib/global.css" (uncaught exception) at /home/yamamichi/samba/symfony/vendor/symfony/src/Symfony/Bundle/FrameworkBundle/EventListener/RouterListener.php line 88 [] []
[2011-07-10 18:24:05] request.ERROR: Symfony\Component\HttpKernel\Exception\NotFoundHttpException: No route found for "GET /lib/global.css" (uncaught exception) at /home/yamamichi/samba/symfony/vendor/symfony/src/Symfony/Bundle/FrameworkBundle/EventListener/RouterListener.php line 88 [] []
[2011-07-10 18:24:42] request.ERROR: Symfony\Component\HttpKernel\Exception\NotFoundHttpException: No route found for "GET /lib/global.css" (uncaught exception) at /home/yamamichi/samba/symfony/vendor/symfony/src/Symfony/Bundle/FrameworkBundle/EventListener/RouterListener.php line 88 [] []
[2011-07-10 18:31:20] request.ERROR: Symfony\Component\HttpKernel\Exception\NotFoundHttpException: No route found for "GET /lib/global.css" (uncaught exception) at /home/yamamichi/samba/symfony/vendor/symfony/src/Symfony/Bundle/FrameworkBundle/EventListener/RouterListener.php line 88 [] []
[2011-07-10 18:31:43] request.ERROR: Symfony\Component\HttpKernel\Exception\NotFoundHttpException: No route found for "GET /lib/global.css" (uncaught exception) at /home/yamamichi/samba/symfony/vendor/symfony/src/Symfony/Bundle/FrameworkBundle/EventListener/RouterListener.php line 88 [] []
[2011-07-10 18:32:58] request.ERROR: Symfony\Component\HttpKernel\Exception\NotFoundHttpException: No route found for "GET /lib/global.css" (uncaught exception) at /home/yamamichi/samba/symfony/vendor/symfony/src/Symfony/Bundle/FrameworkBundle/EventListener/RouterListener.php line 88 [] []
[2011-07-10 18:34:23] request.ERROR: Symfony\Component\HttpKernel\Exception\NotFoundHttpException: No route found for "GET /lib/global.css" (uncaught exception) at /home/yamamichi/samba/symfony/vendor/symfony/src/Symfony/Bundle/FrameworkBundle/EventListener/RouterListener.php line 88 [] []
[2011-07-10 18:36:08] request.ERROR: Symfony\Component\HttpKernel\Exception\NotFoundHttpException: No route found for "GET /lib/global.css" (uncaught exception) at /home/yamamichi/samba/symfony/vendor/symfony/src/Symfony/Bundle/FrameworkBundle/EventListener/RouterListener.php line 88 [] []
[2011-07-10 18:36:31] request.ERROR: Symfony\Component\HttpKernel\Exception\NotFoundHttpException: No route found for "GET /lib/global.css" (uncaught exception) at /home/yamamichi/samba/symfony/vendor/symfony/src/Symfony/Bundle/FrameworkBundle/EventListener/RouterListener.php line 88 [] []
[2011-07-10 18:39:45] request.ERROR: Symfony\Component\HttpKernel\Exception\NotFoundHttpException: No route found for "GET /lib/global.css" (uncaught exception) at /home/yamamichi/samba/symfony/vendor/symfony/src/Symfony/Bundle/FrameworkBundle/EventListener/RouterListener.php line 88 [] []
[2011-07-10 18:40:11] request.ERROR: Symfony\Component\HttpKernel\Exception\NotFoundHttpException: No route found for "GET /lib/global.css" (uncaught exception) at /home/yamamichi/samba/symfony/vendor/symfony/src/Symfony/Bundle/FrameworkBundle/EventListener/RouterListener.php line 88 [] []
[2011-07-10 18:40:53] request.ERROR: Symfony\Component\HttpKernel\Exception\NotFoundHttpException: No route found for "GET /lib/global.css" (uncaught exception) at /home/yamamichi/samba/symfony/vendor/symfony/src/Symfony/Bundle/FrameworkBundle/EventListener/RouterListener.php line 88 [] []
[2011-07-10 18:41:19] request.ERROR: Symfony\Component\HttpKernel\Exception\NotFoundHttpException: No route found for "GET /lib/global.css" (uncaught exception) at /home/yamamichi/samba/symfony/vendor/symfony/src/Symfony/Bundle/FrameworkBundle/EventListener/RouterListener.php line 88 [] []
[2011-07-10 19:09:05] request.ERROR: Symfony\Component\HttpKernel\Exception\NotFoundHttpException: No route found for "GET /js/test/jquery.animatemenu.js" (uncaught exception) at /home/yamamichi/samba/symfony/vendor/symfony/src/Symfony/Bundle/FrameworkBundle/EventListener/RouterListener.php line 88 [] []
[2011-07-10 19:10:14] request.ERROR: Symfony\Component\HttpKernel\Exception\NotFoundHttpException: No route found for "GET /js/test/jquery.animatemenu.js" (uncaught exception) at /home/yamamichi/samba/symfony/vendor/symfony/src/Symfony/Bundle/FrameworkBundle/EventListener/RouterListener.php line 88 [] []
[2011-07-10 19:10:15] request.ERROR: Symfony\Component\HttpKernel\Exception\NotFoundHttpException: No route found for "GET /js/test/js/jquery-1.6.2.min.js" (uncaught exception) at /home/yamamichi/samba/symfony/vendor/symfony/src/Symfony/Bundle/FrameworkBundle/EventListener/RouterListener.php line 88 [] []
[2011-07-10 19:10:15] request.ERROR: Symfony\Component\HttpKernel\Exception\NotFoundHttpException: No route found for "GET /js/test/jquery.animatemenu.js" (uncaught exception) at /home/yamamichi/samba/symfony/vendor/symfony/src/Symfony/Bundle/FrameworkBundle/EventListener/RouterListener.php line 88 [] []
[2011-07-10 19:12:05] request.ERROR: Symfony\Component\HttpKernel\Exception\NotFoundHttpException: No route found for "GET /js/js/jquery-1.6.2.min.js" (uncaught exception) at /home/yamamichi/samba/symfony/vendor/symfony/src/Symfony/Bundle/FrameworkBundle/EventListener/RouterListener.php line 88 [] []
[2011-07-10 19:12:05] request.ERROR: Symfony\Component\HttpKernel\Exception\NotFoundHttpException: No route found for "GET /js/test/jquery.animatemenu.js" (uncaught exception) at /home/yamamichi/samba/symfony/vendor/symfony/src/Symfony/Bundle/FrameworkBundle/EventListener/RouterListener.php line 88 [] []
[2011-07-10 19:12:17] request.ERROR: Symfony\Component\HttpKernel\Exception\NotFoundHttpException: No route found for "GET /js/test/jquery.animatemenu.js" (uncaught exception) at /home/yamamichi/samba/symfony/vendor/symfony/src/Symfony/Bundle/FrameworkBundle/EventListener/RouterListener.php line 88 [] []
[2011-07-10 19:12:17] request.ERROR: Symfony\Component\HttpKernel\Exception\NotFoundHttpException: No route found for "GET /js/test/jquery.animatemenu.js" (uncaught exception) at /home/yamamichi/samba/symfony/vendor/symfony/src/Symfony/Bundle/FrameworkBundle/EventListener/RouterListener.php line 88 [] []
[2011-07-10 19:12:22] request.ERROR: Symfony\Component\HttpKernel\Exception\NotFoundHttpException: No route found for "GET /js/test/jquery.animatemenu.js" (uncaught exception) at /home/yamamichi/samba/symfony/vendor/symfony/src/Symfony/Bundle/FrameworkBundle/EventListener/RouterListener.php line 88 [] []
